[2020-03-08 23:40:53,975][DEBUG][http-nio-8095-exec-9] ==>  Preparing: INSERT INTO user ( id, password, realname, username ) VALUES ( ?, ?, ?, ? )  (BaseJdbcLogger.java:143)
[2020-03-08 23:40:54,072][DEBUG][http-nio-8095-exec-9] ==> Parameters: 5(Integer), 123621(String), 王琪琪(String), 王琦(String) (BaseJdbcLogger.java:143)
[2020-03-08 23:40:54,076][DEBUG][http-nio-8095-exec-9] <==    Updates: 1 (BaseJdbcLogger.java:143)
[2020-03-08 23:41:31,437][DEBUG][http-nio-8095-exec-10] ==>  Preparing: DELETE FROM user WHERE id=?  (BaseJdbcLogger.java:143)
[2020-03-08 23:41:31,462][DEBUG][http-nio-8095-exec-10] ==> Parameters: 1(Integer) (BaseJdbcLogger.java:143)
[2020-03-08 23:41:31,467][DEBUG][http-nio-8095-exec-10] <==    Updates: 1 (BaseJdbcLogger.java:143)
[2020-03-08 23:43:38,995][DEBUG][http-nio-8095-exec-1] ==>  Preparing: SELECT id,password,realname,username FROM user WHERE id=?  (BaseJdbcLogger.java:143)
[2020-03-08 23:43:39,112][DEBUG][http-nio-8095-exec-1] ==> Parameters: 2(Integer) (BaseJdbcLogger.java:143)
[2020-03-08 23:43:39,134][DEBUG][http-nio-8095-exec-1] <==      Total: 1 (BaseJdbcLogger.java:143)
[2020-03-08 23:43:51,410][DEBUG][http-nio-8095-exec-2] ==>  Preparing: UPDATE user SET username=? WHERE id=?  (BaseJdbcLogger.java:143)
[2020-03-08 23:43:51,421][DEBUG][http-nio-8095-exec-2] ==> Parameters: alex22(String), 2(Integer) (BaseJdbcLogger.java:143)
[2020-03-08 23:43:51,423][DEBUG][http-nio-8095-exec-2] <==    Updates: 1 (BaseJdbcLogger.java:143)
[2020-03-08 23:44:16,719][DEBUG][http-nio-8095-exec-3] ==>  Preparing: SELECT COUNT(1) FROM user  (BaseJdbcLogger.java:143)
[2020-03-08 23:44:16,722][DEBUG][http-nio-8095-exec-3] ==> Parameters:  (BaseJdbcLogger.java:143)
[2020-03-08 23:44:16,729][DEBUG][http-nio-8095-exec-3] ==>  Preparing: select id, userName, passWord, realName from user LIMIT ?,?  (BaseJdbcLogger.java:143)
[2020-03-08 23:44:16,731][DEBUG][http-nio-8095-exec-3] ==> Parameters: 0(Long), 2(Long) (BaseJdbcLogger.java:143)
[2020-03-08 23:44:16,734][DEBUG][http-nio-8095-exec-3] <==      Total: 2 (BaseJdbcLogger.java:143)
[2020-03-08 23:47:58,012][DEBUG][http-nio-8095-exec-9] ==>  Preparing: SELECT COUNT(1) FROM user  (BaseJdbcLogger.java:143)
[2020-03-08 23:47:58,104][DEBUG][http-nio-8095-exec-9] ==> Parameters:  (BaseJdbcLogger.java:143)
[2020-03-08 23:47:58,127][DEBUG][http-nio-8095-exec-9] ==>  Preparing: select id, userName, passWord, realName from user LIMIT ?,?  (BaseJdbcLogger.java:143)
[2020-03-08 23:47:58,133][DEBUG][http-nio-8095-exec-9] ==> Parameters: 0(Long), 3(Long) (BaseJdbcLogger.java:143)
[2020-03-08 23:47:58,139][DEBUG][http-nio-8095-exec-9] <==      Total: 3 (BaseJdbcLogger.java:143)
[2020-03-09 00:33:47,602][DEBUG][http-nio-8095-exec-9] ==>  Preparing: INSERT INTO user ( id, password, realname, username ) VALUES ( ?, ?, ?, ? )  (BaseJdbcLogger.java:143)
[2020-03-09 00:33:47,692][DEBUG][http-nio-8095-exec-9] ==> Parameters: 6(Integer), 1236216(String), 王琪琪6(String), 王琦6(String) (BaseJdbcLogger.java:143)
[2020-03-09 00:33:47,696][DEBUG][http-nio-8095-exec-9] <==    Updates: 1 (BaseJdbcLogger.java:143)
[2020-03-09 00:34:14,755][DEBUG][http-nio-8095-exec-10] ==>  Preparing: SELECT id,password,realname,username FROM user WHERE id=?  (BaseJdbcLogger.java:143)
[2020-03-09 00:34:14,787][DEBUG][http-nio-8095-exec-10] ==> Parameters: 6(Integer) (BaseJdbcLogger.java:143)
[2020-03-09 00:34:14,810][DEBUG][http-nio-8095-exec-10] <==      Total: 1 (BaseJdbcLogger.java:143)
[2020-03-09 00:34:33,623][DEBUG][http-nio-8095-exec-1] ==>  Preparing: UPDATE user SET username=? WHERE id=?  (BaseJdbcLogger.java:143)
[2020-03-09 00:34:33,631][DEBUG][http-nio-8095-exec-1] ==> Parameters: alex2266(String), 6(Integer) (BaseJdbcLogger.java:143)
[2020-03-09 00:34:33,633][DEBUG][http-nio-8095-exec-1] <==    Updates: 1 (BaseJdbcLogger.java:143)
[2020-03-09 00:35:16,741][DEBUG][http-nio-8095-exec-2] ==>  Preparing: SELECT COUNT(1) FROM user  (BaseJdbcLogger.java:143)
[2020-03-09 00:35:16,743][DEBUG][http-nio-8095-exec-2] ==> Parameters:  (BaseJdbcLogger.java:143)
[2020-03-09 00:35:16,748][DEBUG][http-nio-8095-exec-2] ==>  Preparing: SELECT id,password,realname,username FROM user LIMIT ?,?  (BaseJdbcLogger.java:143)
[2020-03-09 00:35:16,750][DEBUG][http-nio-8095-exec-2] ==> Parameters: 0(Long), 3(Long) (BaseJdbcLogger.java:143)
[2020-03-09 00:35:16,752][DEBUG][http-nio-8095-exec-2] <==      Total: 3 (BaseJdbcLogger.java:143)
